[INFO] Scanning for projects...
[INFO] ------------------------------------------------------------------------
[INFO] Reactor Build Order:
[INFO] 
[INFO] autumn modules root                                                [pom]
[INFO] autumn views                                                       [jar]
[INFO] autumn Auth Core                                                   [jar]
[INFO] autumn APIs - OpenAPI Compliant                                    [jar]
[INFO] Autumn Runner                                                      [jar]
[INFO] 
[INFO] -----------------< jp.kernelpanic.autumn:autumn-root >------------------
[INFO] Building autumn modules root 0.0.1-SNAPSHOT                        [1/5]
[INFO]   from pom.xml
[INFO] --------------------------------[ pom ]---------------------------------
[INFO] 
[INFO] --- install:3.1.2:install (default-install) @ autumn-root ---
[INFO] Installing /extend/hal9000/lab/devel/devel/study/autumn/pom.xml to /home/hal9000/.m2/repository/jp/kernelpanic/autumn/autumn-root/0.0.1-SNAPSHOT/autumn-root-0.0.1-SNAPSHOT.pom
[INFO] 
[INFO] -----------------< jp.kernelpanic.autumn:autumn-views >-----------------
[INFO] Building autumn views 0.0.1-SNAPSHOT                               [2/5]
[INFO]   from autumn-views/pom.xml
[INFO] --------------------------------[ jar ]---------------------------------
[INFO] 
[INFO] --- resources:3.3.1:resources (default-resources) @ autumn-views ---
[WARNING] Using platform encoding (UTF-8 actually) to copy filtered resources, i.e. build is platform dependent!
[INFO] Copying 4 resources from src/main/resources to target/classes
[INFO] 
[INFO] --- compiler:3.13.0:compile (default-compile) @ autumn-views ---
[INFO] Recompiling the module because of changed source code.
[WARNING] File encoding has not been set, using platform encoding UTF-8, i.e. build is platform dependent!
[INFO] Compiling 2 source files with javac [debug target 21] to target/classes
[INFO] 
[INFO] --- resources:3.3.1:testResources (default-testResources) @ autumn-views ---
[WARNING] Using platform encoding (UTF-8 actually) to copy filtered resources, i.e. build is platform dependent!
[INFO] skip non existing resourceDirectory /extend/hal9000/lab/devel/devel/study/autumn/autumn-views/src/test/resources
[INFO] 
[INFO] --- compiler:3.13.0:testCompile (default-testCompile) @ autumn-views ---
[INFO] No sources to compile
[INFO] 
[INFO] --- surefire:3.2.5:test (default-test) @ autumn-views ---
[INFO] No tests to run.
[INFO] 
[INFO] --- jar:3.4.1:jar (default-jar) @ autumn-views ---
[INFO] Building jar: /extend/hal9000/lab/devel/devel/study/autumn/autumn-views/target/autumn-views-0.0.1-SNAPSHOT.jar
[INFO] 
[INFO] --- install:3.1.2:install (default-install) @ autumn-views ---
[INFO] Installing /extend/hal9000/lab/devel/devel/study/autumn/autumn-views/pom.xml to /home/hal9000/.m2/repository/jp/kernelpanic/autumn/autumn-views/0.0.1-SNAPSHOT/autumn-views-0.0.1-SNAPSHOT.pom
[INFO] Installing /extend/hal9000/lab/devel/devel/study/autumn/autumn-views/target/autumn-views-0.0.1-SNAPSHOT.jar to /home/hal9000/.m2/repository/jp/kernelpanic/autumn/autumn-views/0.0.1-SNAPSHOT/autumn-views-0.0.1-SNAPSHOT.jar
[INFO] 
[INFO] ---------------< jp.kernelpanic.autumn:autumn-auth-core >---------------
[INFO] Building autumn Auth Core 0.0.1-SNAPSHOT                           [3/5]
[INFO]   from autumn-auth-core/pom.xml
[INFO] --------------------------------[ jar ]---------------------------------
[INFO] 
[INFO] --- resources:3.3.1:resources (default-resources) @ autumn-auth-core ---
[WARNING] Using platform encoding (UTF-8 actually) to copy filtered resources, i.e. build is platform dependent!
[INFO] Copying 1 resource from src/main/resources to target/classes
[INFO] 
[INFO] --- compiler:3.13.0:compile (default-compile) @ autumn-auth-core ---
[INFO] Recompiling the module because of changed source code.
[WARNING] File encoding has not been set, using platform encoding UTF-8, i.e. build is platform dependent!
[INFO] Compiling 3 source files with javac [debug target 21] to target/classes
[INFO] /extend/hal9000/lab/devel/devel/study/autumn/autumn-auth-core/src/main/java/jp/kernelpanic/auth/core/jwt/JwtTokenProvider.java: /extend/hal9000/lab/devel/devel/study/autumn/autumn-auth-core/src/main/java/jp/kernelpanic/auth/core/jwt/JwtTokenProvider.java uses or overrides a deprecated API.
[INFO] /extend/hal9000/lab/devel/devel/study/autumn/autumn-auth-core/src/main/java/jp/kernelpanic/auth/core/jwt/JwtTokenProvider.java: Recompile with -Xlint:deprecation for details.
[INFO] -------------------------------------------------------------
[ERROR] COMPILATION ERROR : 
[INFO] -------------------------------------------------------------
[ERROR] /extend/hal9000/lab/devel/devel/study/autumn/autumn-auth-core/src/main/java/jp/kernelpanic/auth/core/jwt/JwtTokenProvider.java:[88,17] cannot find symbol
  symbol:   method parserBuilder()
  location: class io.jsonwebtoken.Jwts
[ERROR] /extend/hal9000/lab/devel/devel/study/autumn/autumn-auth-core/src/main/java/jp/kernelpanic/auth/core/jwt/JwtTokenProvider.java:[132,20] cannot find symbol
  symbol:   method parserBuilder()
  location: class io.jsonwebtoken.Jwts
[INFO] 2 errors 
[INFO] -------------------------------------------------------------
[INFO] ------------------------------------------------------------------------
[INFO] Reactor Summary for autumn modules root 0.0.1-SNAPSHOT:
[INFO] 
[INFO] autumn modules root ................................ SUCCESS [  0.113 s]
[INFO] autumn views ....................................... SUCCESS [  1.254 s]
[INFO] autumn Auth Core ................................... FAILURE [  0.347 s]
[INFO] autumn APIs - OpenAPI Compliant .................... SKIPPED
[INFO] Autumn Runner ...................................... SKIPPED
[INFO] ------------------------------------------------------------------------
[INFO] BUILD FAILURE
[INFO] ------------------------------------------------------------------------
[INFO] Total time:  1.956 s
[INFO] Finished at: 2025-11-09T13:40:22+09:00
[INFO] ------------------------------------------------------------------------
[ERROR] Failed to execute goal org.apache.maven.plugins:maven-compiler-plugin:3.13.0:compile (default-compile) on project autumn-auth-core: Compilation failure: Compilation failure: 
[ERROR] /extend/hal9000/lab/devel/devel/study/autumn/autumn-auth-core/src/main/java/jp/kernelpanic/auth/core/jwt/JwtTokenProvider.java:[88,17] cannot find symbol
[ERROR]   symbol:   method parserBuilder()
[ERROR]   location: class io.jsonwebtoken.Jwts
[ERROR] /extend/hal9000/lab/devel/devel/study/autumn/autumn-auth-core/src/main/java/jp/kernelpanic/auth/core/jwt/JwtTokenProvider.java:[132,20] cannot find symbol
[ERROR]   symbol:   method parserBuilder()
[ERROR]   location: class io.jsonwebtoken.Jwts
[ERROR] -> [Help 1]
[ERROR] 
[ERROR] To see the full stack trace of the errors, re-run Maven with the -e switch.
[ERROR] Re-run Maven using the -X switch to enable full debug logging.
[ERROR] 
[ERROR] For more information about the errors and possible solutions, please read the following articles:
[ERROR] [Help 1] http://cwiki.apache.org/confluence/display/MAVEN/MojoFailureException
[ERROR] 
[ERROR] After correcting the problems, you can resume the build with the command
[ERROR]   mvn <args> -rf :autumn-auth-core
